[eatthisfood.net/index.html]
[backblue.gif]
[fade.gif]
[index.html]
[eatthisfood.net/index.html]
[eatthisfood.net/wp-content/themes/etf/style.css]
[eatthisfood.net/feed]
[eatthisfood.net/xmlrpc0db0.php]
[eatthisfood.net/comments/feed]
[eatthisfood.net/about.html]
[eatthisfood.net/wp-content/uploads/2012/11/mh2a.png]
[eatthisfood.net/about.html]
[eatthisfood.net/category/recipes.html]
[eatthisfood.net/category/recipes.html]
[eatthisfood.net/wp-content/uploads/2012/11/cake1a.png]
[eatthisfood.net/contact.html]
[eatthisfood.net/contact.html]
[eatthisfood.net/wp-content/uploads/2012/11/cake2.png]
[eatthisfood.net/wp-content/uploads/2012/11/cake1.png]
[eatthisfood.net/wp-content/uploads/2012/11/ETF-Print-MilkandHoneyCake.pdf]
[eatthisfood.net/wp-content/themes/etf/images/banner.png]
[eatthisfood.net/baked_eggs.html]
[eatthisfood.net/wp-content/themes/etf/images/print.png]
[eatthisfood.net/baked_eggs.html]
[eatthisfood.net/category/recipes/feed]
[eatthisfood.net/about/feed]
[eatthisfood.net/wp-content/uploads/2012/11/mhby.png]
[eatthisfood.net/birthday-cake.html]
[eatthisfood.net/birthday-cake.html]
[eatthisfood.net/wp-content/uploads/2013/02/Screen-Shot-2013-02-27-at-9.24.26-PM.png]
[eatthisfood.net/wp-content/uploads/2012/12/cpiebw.png]
[eatthisfood.net/christmas-pie.html]
[eatthisfood.net/christmas-pie.html]
[eatthisfood.net/wp-content/uploads/2012/09/cornedbeefbw1.png]
[eatthisfood.net/corned-beef.html]
[eatthisfood.net/corned-beef.html]
[eatthisfood.net/wp-content/uploads/2012/08/PumpkinPie-LR-monoa.jpg]
[eatthisfood.net/pumpkin-pie.html]
[eatthisfood.net/pumpkin-pie.html]
[eatthisfood.net/wp-content/uploads/2012/07/pancakes100.png]
[eatthisfood.net/pancakes.html]
[eatthisfood.net/pancakes.html]
[eatthisfood.net/wp-content/uploads/2012/06/tofumono1.png]
[eatthisfood.net/tofu.html]
[eatthisfood.net/tofu.html]
[eatthisfood.net/wp-content/uploads/2012/06/piesmono1.png]
[eatthisfood.net/wagyu-pies.html]
[eatthisfood.net/wagyu-pies.html]
[eatthisfood.net/wp-content/uploads/2012/04/beefmono21.png]
[eatthisfood.net/beef-short-ribs.html]
[eatthisfood.net/beef-short-ribs.html]
[eatthisfood.net/wp-content/uploads/2012/04/tartsmono1.png]
[eatthisfood.net/pastel-de-nata.html]
[eatthisfood.net/pastel-de-nata.html]
[eatthisfood.net/wp-content/uploads/2012/04/sardinesmono.png]
[eatthisfood.net/sardines.html]
[eatthisfood.net/sardines.html]
[eatthisfood.net/wp-content/uploads/2012/03/tomatomono.png]
[eatthisfood.net/tomato-confit.html]
[eatthisfood.net/tomato-confit.html]
[eatthisfood.net/wp-content/uploads/2012/02/Screen-Shot-2012-09-27-at-5.15.57-PM1.png]
[eatthisfood.net/tarts.html]
[eatthisfood.net/tarts.html]
[eatthisfood.net/wp-content/uploads/2012/02/DUMPSMONO.png]
[eatthisfood.net/dumplings.html]
[eatthisfood.net/dumplings.html]
[eatthisfood.net/wp-content/uploads/2012/01/LAMBMONO.png]
[eatthisfood.net/lamb.html]
[eatthisfood.net/lamb.html]
[eatthisfood.net/contact/feed]
[eatthisfood.net/wp-content/uploads/2013/02/Screen-Shot-2013-02-27-at-9.24.14-PM.png]
[eatthisfood.net/index28a7.html]
[eatthisfood.net/wp-content/uploads/2013/02/tortillahero.png]
[eatthisfood.net/wp-content/uploads/2013/02/Screen-Shot-2013-02-27-at-9.26.45-PM.png]
[eatthisfood.net/wp-content/uploads/2013/02/ETF-Print-Tortilla.pdf]
[eatthisfood.net/indexf705.html]
[eatthisfood.net/wp-content/uploads/2012/12/CmasPieTitle1.png]
[eatthisfood.net/indexdd54.html]
[eatthisfood.net/wp-content/uploads/2012/12/ChristmasPie2ajpg.png]
[eatthisfood.net/wp-content/uploads/2012/12/ChristmasPie-1.jpg]
[eatthisfood.net/wp-content/uploads/2012/12/ETF-Print-CherryPie.pdf]
[eatthisfood.net/wp-content/uploads/2012/12/ChristmasPie-2.jpg]
[eatthisfood.net/wp-content/uploads/2012/09/cornedbeef1a.png]
[eatthisfood.net/indexead8.html]
[eatthisfood.net/wp-content/uploads/2012/09/CornedBeef2.jpg]
[eatthisfood.net/wp-content/uploads/2012/09/cornedbeef4.png]
[eatthisfood.net/wp-content/uploads/2012/09/cornedbeef3.png]
[eatthisfood.net/wp-content/uploads/2012/09/ETF-Print-CornedBeef.pdf]
[eatthisfood.net/wp-content/uploads/2012/08/PUMPKINHEAD1.png]
[eatthisfood.net/index9f0a.html]
[eatthisfood.net/wp-content/uploads/2012/08/Pumpkin-1.jpg]
[eatthisfood.net/wp-content/uploads/2012/08/PUMPKINREC.png]
[eatthisfood.net/wp-content/uploads/2012/08/ETF-Print-PumpkinPie.pdf]
[eatthisfood.net/wp-content/uploads/2012/07/pancakesheader1.png]
[eatthisfood.net/indexf6a9.html]
[eatthisfood.net/wp-content/uploads/2012/07/pancakes1.jpg]
[eatthisfood.net/wp-content/uploads/2012/07/pancakes1a.jpg]
[eatthisfood.net/wp-content/uploads/2012/07/pancakes2.png]
[eatthisfood.net/wp-content/uploads/2012/07/ETF-Print-recipes-Pancakes.pdf]
[eatthisfood.net/wp-content/uploads/2012/06/tofuhead.jpg]
[eatthisfood.net/indexf167.html]
[eatthisfood.net/wp-content/uploads/2012/06/tofu-2.jpg]
[eatthisfood.net/wp-content/uploads/2012/06/tofu3.png]
[eatthisfood.net/wp-content/uploads/2012/06/tofu2a.jpg]
[eatthisfood.net/wp-content/uploads/2012/06/tofupdf.pdf]
[eatthisfood.net/wp-content/uploads/2012/06/pies1.png]
[eatthisfood.net/index30e3.html]
[eatthisfood.net/wp-content/uploads/2012/06/pies-1.jpg]
[eatthisfood.net/wp-content/uploads/2012/06/pies3.png]
[eatthisfood.net/wp-content/uploads/2012/06/Pies_print.pdf]
[eatthisfood.net/wp-content/uploads/2012/03/ETF-BeefShortRibs-LR-smooth.jpg]
[eatthisfood.net/index0735.html]
[eatthisfood.net/wp-content/uploads/2012/03/bsr3.jpg]
[eatthisfood.net/wp-content/uploads/2012/03/BeefShortLOW-3.jpg]
[eatthisfood.net/wp-content/uploads/2012/03/BeefShortLOW-1.jpg]
[eatthisfood.net/wp-content/uploads/2012/03/BSR5.jpg]
[eatthisfood.net/wp-content/uploads/2012/03/ETF-BeefShortRibs-Recipe.pdf]
[eatthisfood.net/wp-content/uploads/2012/04/tartsheader.png]
[eatthisfood.net/indexd728.html]
[eatthisfood.net/wp-content/uploads/2012/04/tarts3.png]
[eatthisfood.net/wp-content/uploads/2012/04/tarts1-1.jpg]
[eatthisfood.net/wp-content/uploads/2012/04/ETC-Print-recipes-PasteldeNata.pdf]
[eatthisfood.net/wp-content/uploads/2012/04/sardinesheader1.png]
[eatthisfood.net/index6cd9.html]
[eatthisfood.net/wp-content/uploads/2012/04/sardines-1-21.jpg]
[eatthisfood.net/wp-content/uploads/2012/04/sardines4.png]
[eatthisfood.net/wp-content/uploads/2012/04/ETF-Print-recipes-Sardines.pdf]
[eatthisfood.net/wp-content/uploads/2012/03/ETF-TomatoConfit-LR-Smooth.jpg]
[eatthisfood.net/index094d.html]
[eatthisfood.net/wp-content/uploads/2012/03/tomato3.png]
[eatthisfood.net/wp-content/uploads/2012/03/tomato-2a1.jpg]
[eatthisfood.net/wp-content/uploads/2012/03/ETF-TomatoConfit-Recipe.pdf]
[eatthisfood.net/wp-content/uploads/2012/03/tomato-1.jpg]
[eatthisfood.net/wp-content/uploads/2012/01/ETF-LCOO-Tarts-LR-smooth.jpg]
[eatthisfood.net/index5f87.html]
[eatthisfood.net/wp-content/uploads/2012/03/lavender_tarts-1.jpg]
[eatthisfood.net/wp-content/uploads/2012/03/Lavender2.png]
[eatthisfood.net/wp-content/uploads/2012/03/ETF-LavChocOliveOilTarts-Recipe.pdf]
[eatthisfood.net/wp-content/uploads/2012/02/ETF-Dumplings-LR-smooth.jpg]
[eatthisfood.net/index287b.html]
[eatthisfood.net/wp-content/uploads/2012/03/dumplings6-1.jpg]
[eatthisfood.net/wp-content/uploads/2012/03/dumplings4.png]
[eatthisfood.net/wp-content/uploads/2012/02/dumplings3a.jpg]
[eatthisfood.net/wp-content/uploads/2012/03/ETF-ChickenGingerDumplings-Recipe.pdf]
[eatthisfood.net/wp-content/uploads/2012/03/ETF-StickyLamb-LR-smooth.jpg]
[eatthisfood.net/indexf488.html]
[eatthisfood.net/wp-content/uploads/2012/03/Lamb-1.jpg]
[eatthisfood.net/wp-content/uploads/2012/03/lamb3.jpg]
[eatthisfood.net/wp-content/uploads/2012/03/Lamb-1-2.jpg]
[eatthisfood.net/wp-content/uploads/2012/03/lamb4.png]
[eatthisfood.net/wp-content/uploads/2012/03/ETF-StickyLambShoulder-Recipe.pdf]
